<?xml version="1.0" encoding="UTF-8"?>
<testsuite name="segtrees.StressRandomTest" tests="2" skipped="0" failures="0" errors="0" timestamp="2025-05-24T13:02:54" hostname="WIN-332SJ4VVUSJ" time="0.206">
  <properties/>
  <testcase name="stressMinAssign()" classname="segtrees.StressRandomTest" time="0.118"/>
  <testcase name="stressSumAdd()" classname="segtrees.StressRandomTest" time="0.086"/>
  <system-out><![CDATA[]]></system-out>
  <system-err><![CDATA[]]></system-err>
</testsuite>
