<?xml version="1.0" encoding="UTF-8"?>
<testsuite name="segtrees.PerformanceTest" tests="1" skipped="0" failures="0" errors="0" timestamp="2025-05-24T13:02:52" hostname="WIN-332SJ4VVUSJ" time="1.442">
  <properties/>
  <testcase name="speedLarge()" classname="segtrees.PerformanceTest" time="1.442"/>
  <system-out><![CDATA[]]></system-out>
  <system-err><![CDATA[]]></system-err>
</testsuite>
